<?xml version="1.0" encoding="UTF-8"?>
<testng-results ignored="0" total="1" passed="1" failed="0" skipped="0">
  <reporter-output>
  </reporter-output>
  <suite started-at="2021-05-19T17:11:46 IST" name="testing" finished-at="2021-05-19T17:11:55 IST" duration-ms="9455">
    <groups>
    </groups>
    <test started-at="2021-05-19T17:11:46 IST" name="automation" finished-at="2021-05-19T17:11:55 IST" duration-ms="9455">
      <class name="Tests.LeaveTestCases">
        <test-method is-config="true" signature="setup()[pri:0, instance:Tests.LeaveTestCases@6ca8564a]" started-at="2021-05-19T17:11:36 IST" name="setup" finished-at="2021-05-19T17:11:46 IST" duration-ms="9700" status="PASS">
          <reporter-output>
          </reporter-output>
        </test-method> <!-- setup -->
        <test-method signature="getRejectedLeaves()[pri:0, instance:Tests.LeaveTestCases@6ca8564a]" started-at="2021-05-19T17:11:46 IST" name="getRejectedLeaves" finished-at="2021-05-19T17:11:55 IST" duration-ms="9381" status="PASS">
          <reporter-output>
          </reporter-output>
        </test-method> <!-- getRejectedLeaves -->
        <test-method is-config="true" signature="tearDown()[pri:0, instance:Tests.LeaveTestCases@6ca8564a]" started-at="2021-05-19T17:11:56 IST" name="tearDown" finished-at="2021-05-19T17:11:59 IST" duration-ms="3265" status="PASS">
          <reporter-output>
          </reporter-output>
        </test-method> <!-- tearDown -->
      </class> <!-- Tests.LeaveTestCases -->
    </test> <!-- automation -->
  </suite> <!-- testing -->
</testng-results>
